Using pre-set license
Built from '2021.3/staging' branch; Version is '2021.3.1f1 (3b70a0754835) revision 3895456'; Using compiler version '192829333'; Build Type 'Release'
OS: 'Windows 10  (10.0.19044) 64bit CoreSingleLanguage' Language: 'es' Physical Memory: 7999 MB
BatchMode: 1, IsHumanControllingUs: 0, StartBugReporterOnCrash: 0, Is64bit: 1, IsPro: 1

COMMAND LINE ARGUMENTS:
C:\Program Files\Unity\Hub\Editor\2021.3.1f1\Editor\Unity.exe
-adb2
-batchMode
-noUpm
-name
AssetImportWorker6
-projectPath
C:/Users/eliza/Desktop/rpg-system-ulsan2022-3P
-logFile
Logs/AssetImportWorker6.log
-srvPort
53997
Successfully changed project path to: C:/Users/eliza/Desktop/rpg-system-ulsan2022-3P
C:/Users/eliza/Desktop/rpg-system-ulsan2022-3P
[UnityMemory] Configuration Parameters - Can be set up in boot.config
    "memorysetup-bucket-allocator-granularity=16"
    "memorysetup-bucket-allocator-bucket-count=8"
    "memorysetup-bucket-allocator-block-size=33554432"
    "memorysetup-bucket-allocator-block-count=8"
    "memorysetup-main-allocator-block-size=16777216"
    "memorysetup-thread-allocator-block-size=16777216"
    "memorysetup-gfx-main-allocator-block-size=16777216"
    "memorysetup-gfx-thread-allocator-block-size=16777216"
    "memorysetup-cache-allocator-block-size=4194304"
    "memorysetup-typetree-allocator-block-size=2097152"
    "memorysetup-profiler-bucket-allocator-granularity=16"
    "memorysetup-profiler-bucket-allocator-bucket-count=8"
    "memorysetup-profiler-bucket-allocator-block-size=33554432"
    "memorysetup-profiler-bucket-allocator-block-count=8"
    "memorysetup-profiler-allocator-block-size=16777216"
    "memorysetup-profiler-editor-allocator-block-size=1048576"
    "memorysetup-temp-allocator-size-main=16777216"
    "memorysetup-job-temp-allocator-block-size=2097152"
    "memorysetup-job-temp-allocator-block-size-background=1048576"
    "memorysetup-job-temp-allocator-reduction-small-platforms=262144"
    "memorysetup-temp-allocator-size-background-worker=32768"
    "memorysetup-temp-allocator-size-job-worker=262144"
    "memorysetup-temp-allocator-size-preload-manager=33554432"
    "memorysetup-temp-allocator-size-nav-mesh-worker=65536"
    "memorysetup-temp-allocator-size-audio-worker=65536"
    "memorysetup-temp-allocator-size-cloud-worker=32768"
    "memorysetup-temp-allocator-size-gi-baking-worker=262144"
    "memorysetup-temp-allocator-size-gfx=262144"
Refreshing native plugins compatible for Editor in 117.07 ms, found 2 plugins.
Preloading 0 native plugins for Editor in 0.00 ms.
Initialize engine version: 2021.3.1f1 (3b70a0754835)
[Subsystems] Discovering subsystems at path C:/Program Files/Unity/Hub/Editor/2021.3.1f1/Editor/Data/Resources/UnitySubsystems
[Subsystems] Discovering subsystems at path C:/Users/eliza/Desktop/rpg-system-ulsan2022-3P/Assets
GfxDevice: creating device client; threaded=0; jobified=0
Direct3D:
    Version:  Direct3D 11.0 [level 11.1]
    Renderer: NVIDIA GeForce GTX 1050 (ID=0x1c8d)
    Vendor:   NVIDIA
    VRAM:     4019 MB
    Driver:   30.0.15.1179
Initialize mono
Mono path[0] = 'C:/Program Files/Unity/Hub/Editor/2021.3.1f1/Editor/Data/Managed'
Mono path[1] = 'C:/Program Files/Unity/Hub/Editor/2021.3.1f1/Editor/Data/MonoBleedingEdge/lib/mono/unityjit-win32'
Mono config path = 'C:/Program Files/Unity/Hub/Editor/2021.3.1f1/Editor/Data/MonoBleedingEdge/etc'
Using monoOptions --debugger-agent=transport=dt_socket,embedding=1,server=y,suspend=n,address=127.0.0.1:56032
Begin MonoManager ReloadAssembly
Registering precompiled unity dll's ...
Register platform support module: C:/Program Files/Unity/Hub/Editor/2021.3.1f1/Editor/Data/PlaybackEngines/WindowsStandaloneSupport/UnityEditor.WindowsStandalone.Extensions.dll
Registered in 0.013557 seconds.
Native extension for WindowsStandalone target not found
Refreshing native plugins compatible for Editor in 93.54 ms, found 2 plugins.
Preloading 0 native plugins for Editor in 0.00 ms.
Mono: successfully reloaded assembly
- Completed reload, in  1.002 seconds
Domain Reload Profiling:
	ReloadAssembly (1003ms)
		BeginReloadAssembly (145ms)
			ExecutionOrderSort (0ms)
			DisableScriptedObjects (0ms)
			BackupInstance (0ms)
			ReleaseScriptingObjects (0ms)
			CreateAndSetChildDomain (1ms)
		EndReloadAssembly (660ms)
			LoadAssemblies (141ms)
			RebuildTransferFunctionScriptingTraits (0ms)
			SetupTypeCache (161ms)
			ReleaseScriptCaches (0ms)
			RebuildScriptCaches (42ms)
			SetupLoadedEditorAssemblies (370ms)
				LogAssemblyErrors (0ms)
				InitializePlatformSupportModulesInManaged (12ms)
				SetLoadedEditorAssemblies (0ms)
				RefreshPlugins (94ms)
				BeforeProcessingInitializeOnLoad (2ms)
				ProcessInitializeOnLoadAttributes (174ms)
				ProcessInitializeOnLoadMethodAttributes (89ms)
				AfterProcessingInitializeOnLoad (0ms)
				EditorAssembliesLoaded (0ms)
			ExecutionOrderSort2 (0ms)
			AwakeInstancesAfterBackupRestoration (0ms)
Platform modules already initialized, skipping
Registering precompiled user dll's ...
Registered in 0.014203 seconds.
Begin MonoManager ReloadAssembly
Native extension for WindowsStandalone target not found
Refreshing native plugins compatible for Editor in 79.69 ms, found 2 plugins.
Preloading 0 native plugins for Editor in 0.00 ms.
Package Manager log level set to [2]
Mono: successfully reloaded assembly
- Completed reload, in  2.128 seconds
Domain Reload Profiling:
	ReloadAssembly (2129ms)
		BeginReloadAssembly (173ms)
			ExecutionOrderSort (0ms)
			DisableScriptedObjects (10ms)
			BackupInstance (0ms)
			ReleaseScriptingObjects (0ms)
			CreateAndSetChildDomain (32ms)
		EndReloadAssembly (1814ms)
			LoadAssemblies (126ms)
			RebuildTransferFunctionScriptingTraits (0ms)
			SetupTypeCache (251ms)
			ReleaseScriptCaches (1ms)
			RebuildScriptCaches (69ms)
			SetupLoadedEditorAssemblies (1339ms)
				LogAssemblyErrors (0ms)
				InitializePlatformSupportModulesInManaged (31ms)
				SetLoadedEditorAssemblies (0ms)
				RefreshPlugins (80ms)
				BeforeProcessingInitializeOnLoad (115ms)
				ProcessInitializeOnLoadAttributes (836ms)
				ProcessInitializeOnLoadMethodAttributes (262ms)
				AfterProcessingInitializeOnLoad (15ms)
				EditorAssembliesLoaded (0ms)
			ExecutionOrderSort2 (0ms)
			AwakeInstancesAfterBackupRestoration (13ms)
Platform modules already initialized, skipping
========================================================================
Worker process is ready to serve import requests
Launched and connected shader compiler UnityShaderCompiler.exe after 0.53 seconds
Refreshing native plugins compatible for Editor in 0.91 ms, found 2 plugins.
Preloading 0 native plugins for Editor in 0.00 ms.
Unloading 4896 Unused Serialized files (Serialized files now loaded: 0)
Unloading 66 unused Assets / (1.9 MB). Loaded Objects now: 5361.
Memory consumption went from 217.5 MB to 215.6 MB.
Total: 4.848800 ms (FindLiveObjects: 0.476000 ms CreateObjectMapping: 0.426700 ms MarkObjects: 3.533400 ms  DeleteObjects: 0.411300 ms)

AssetImportParameters requested are different than current active one (requested -> active):
  custom:video-decoder-ogg-theora: a1e56fd34408186e4bbccfd4996cb3dc -> 
  custom:container-muxer-webm: aa71ff27fc2769a1b78a27578f13a17b -> 
  custom:container-demuxer-webm: 4f35f7cbe854078d1ac9338744f61a02 -> 
  custom:video-encoder-webm-vp8: eb34c28f22e8b96e1ab97ce403110664 -> 
  custom:video-codec-MediaFoundation-h265: 746d11721c4dcdbdad8f713fa42b33f4 -> 
  custom:audio-encoder-webm-vorbis: bf7c407c2cedff20999df2af8eb42d56 -> 
  custom:framework-win-MediaFoundation: 216162199b28c13a410421893ffa2e32 -> 
  custom:container-demuxer-ogg: 62fdf1f143b41e24485cea50d1cbac27 -> 
  custom:video-decoder-webm-vp8: 9c59270c3fd7afecdb556c50c9e8de78 -> 
  custom:audio-decoder-ogg-vorbis: bf7c407c2cedff20999df2af8eb42d56 -> 
========================================================================
Received Import Request.
  Time since last request: 59103.816682 seconds.
  path: Assets/NEXTLOG_CreaturePack_Part01/Creatures_Slime/Effects/Prefabs/FX_Slime_Attack_Blue_001.prefab
  artifactKey: Guid(694da4e7e4dc71f4da940927db7799a6) Importer(815301076,1909f56bfc062723c751e8b465ee728b)
Start importing Assets/NEXTLOG_CreaturePack_Part01/Creatures_Slime/Effects/Prefabs/FX_Slime_Attack_Blue_001.prefab using Guid(694da4e7e4dc71f4da940927db7799a6) Importer(815301076,1909f56bfc062723c751e8b465ee728b)  -> (artifact id: '4052975c6a21e25fc3db52b92fa8fefa') in 2.428949 seconds 
========================================================================
Received Import Request.
  Time since last request: 0.000033 seconds.
  path: Assets/Low Poly Forest Set/FBX/Grass 02.FBX
  artifactKey: Guid(0dcfae741f6071b489b5474ac5cc4a28) Importer(815301076,1909f56bfc062723c751e8b465ee728b)
Start importing Assets/Low Poly Forest Set/FBX/Grass 02.FBX using Guid(0dcfae741f6071b489b5474ac5cc4a28) Importer(815301076,1909f56bfc062723c751e8b465ee728b)  -> (artifact id: '6f8900fb8c20d272f9285c8c15064712') in 1.735568 seconds 
========================================================================
Received Import Request.
  Time since last request: 0.000067 seconds.
  path: Assets/MedievalTownExteriors/Meshes/Hay_c.fbx
  artifactKey: Guid(8c6b2953968c1a64ea5f2876c2eb1ca8) Importer(815301076,1909f56bfc062723c751e8b465ee728b)
Start importing Assets/MedievalTownExteriors/Meshes/Hay_c.fbx using Guid(8c6b2953968c1a64ea5f2876c2eb1ca8) Importer(815301076,1909f56bfc062723c751e8b465ee728b)  -> (artifact id: 'dc38a7f7ce7067797ea13e51a96bd792') in 4.697122 seconds 
========================================================================
Received Import Request.
  Time since last request: 0.000038 seconds.
  path: Assets/MedievalTownExteriors/Prefabs/Mushroom_b.prefab
  artifactKey: Guid(ae446b6954a0f884abadb75f6f8c3098) Importer(815301076,1909f56bfc062723c751e8b465ee728b)
Start importing Assets/MedievalTownExteriors/Prefabs/Mushroom_b.prefab using Guid(ae446b6954a0f884abadb75f6f8c3098) Importer(815301076,1909f56bfc062723c751e8b465ee728b)  -> (artifact id: '4ea7a4d08877377afeaab178859daab9') in 0.240873 seconds 
========================================================================
Received Import Request.
  Time since last request: 0.000036 seconds.
  path: Assets/Low Poly Forest Set/FBX/Mushroom 03.FBX
  artifactKey: Guid(84716332f4340b04bab4126549c1e281) Importer(815301076,1909f56bfc062723c751e8b465ee728b)
Start importing Assets/Low Poly Forest Set/FBX/Mushroom 03.FBX using Guid(84716332f4340b04bab4126549c1e281) Importer(815301076,1909f56bfc062723c751e8b465ee728b)  -> (artifact id: '9562c542432a18e4ec9f1bcbdf49849f') in 0.095737 seconds 
========================================================================
Received Import Request.
  Time since last request: 0.000030 seconds.
  path: Assets/NEXTLOG_CreaturePack_Part01/Creatures_Slime/Effects/Prefabs/FX_Slime_Seed_Fire_001.prefab
  artifactKey: Guid(cc20d385ebcb70647b724450f0adf6b5) Importer(815301076,1909f56bfc062723c751e8b465ee728b)
Start importing Assets/NEXTLOG_CreaturePack_Part01/Creatures_Slime/Effects/Prefabs/FX_Slime_Seed_Fire_001.prefab using Guid(cc20d385ebcb70647b724450f0adf6b5) Importer(815301076,1909f56bfc062723c751e8b465ee728b)  -> (artifact id: '381ac3c0ce33829de0982876f5042003') in 0.533291 seconds 
========================================================================
Received Import Request.
  Time since last request: 0.000030 seconds.
  path: Assets/MedievalTownExteriors/Meshes/Logs_b.fbx
  artifactKey: Guid(b1491e09a5a59644986da9c34b34c2e9) Importer(815301076,1909f56bfc062723c751e8b465ee728b)
Start importing Assets/MedievalTownExteriors/Meshes/Logs_b.fbx using Guid(b1491e09a5a59644986da9c34b34c2e9) Importer(815301076,1909f56bfc062723c751e8b465ee728b)  -> (artifact id: '1d19c32ae5fb74579d849da74c7599b8') in 2.199197 seconds 
========================================================================
Received Import Request.
  Time since last request: 0.000043 seconds.
  path: Assets/StixGames/GrassShader/Example/AlpineScene/Prefabs/Low Poly Tree 3.prefab
  artifactKey: Guid(67eb63503a2ac054985c2cacea411d65) Importer(815301076,1909f56bfc062723c751e8b465ee728b)
Start importing Assets/StixGames/GrassShader/Example/AlpineScene/Prefabs/Low Poly Tree 3.prefab using Guid(67eb63503a2ac054985c2cacea411d65) Importer(815301076,1909f56bfc062723c751e8b465ee728b)  -> (artifact id: '545bdc6b610c0a090a8ae920e605d714') in 0.106037 seconds 
========================================================================
Received Import Request.
  Time since last request: 0.000085 seconds.
  path: Assets/MedievalTownExteriors/Meshes/Lantern_post_collider.fbx
  artifactKey: Guid(ae637e66a5853a34fb6f9cec3982b747) Importer(815301076,1909f56bfc062723c751e8b465ee728b)
Start importing Assets/MedievalTownExteriors/Meshes/Lantern_post_collider.fbx using Guid(ae637e66a5853a34fb6f9cec3982b747) Importer(815301076,1909f56bfc062723c751e8b465ee728b)  -> (artifact id: 'c7d3d9f225bb5cc9ea09f82ca3c7a058') in 0.125560 seconds 
========================================================================
Received Import Request.
  Time since last request: 0.000033 seconds.
  path: Assets/MedievalTownExteriors/Prefabs/Logs_b.prefab
  artifactKey: Guid(737f000fba6aa60458d3ec61cb22fcc3) Importer(815301076,1909f56bfc062723c751e8b465ee728b)
Start importing Assets/MedievalTownExteriors/Prefabs/Logs_b.prefab using Guid(737f000fba6aa60458d3ec61cb22fcc3) Importer(815301076,1909f56bfc062723c751e8b465ee728b)  -> (artifact id: '2bef99d4b8bd2df7a1bb0c12f79f46a3') in 0.079209 seconds 
========================================================================
Received Import Request.
  Time since last request: 0.000071 seconds.
  path: Assets/MedievalTownExteriors/Prefabs/Mushroom_d.prefab
  artifactKey: Guid(e9b889a47768c4c428cc8649f15f67b4) Importer(815301076,1909f56bfc062723c751e8b465ee728b)
Start importing Assets/MedievalTownExteriors/Prefabs/Mushroom_d.prefab using Guid(e9b889a47768c4c428cc8649f15f67b4) Importer(815301076,1909f56bfc062723c751e8b465ee728b)  -> (artifact id: 'bd6f10502e86a1906747b36751af23b7') in 0.043558 seconds 
========================================================================
Received Import Request.
  Time since last request: 0.000036 seconds.
  path: Assets/Low Poly Forest Set/Prefabs/Mushroom 04.prefab
  artifactKey: Guid(fa4455f6c5fe7614aaac92f118b5b9bd) Importer(815301076,1909f56bfc062723c751e8b465ee728b)
Start importing Assets/Low Poly Forest Set/Prefabs/Mushroom 04.prefab using Guid(fa4455f6c5fe7614aaac92f118b5b9bd) Importer(815301076,1909f56bfc062723c751e8b465ee728b)  -> (artifact id: '6dcd8fcf25375c5ff0d4faf4e4288a54') in 0.179848 seconds 
========================================================================
Received Import Request.
  Time since last request: 0.000068 seconds.
  path: Assets/Low Poly Forest Set/Prefabs/Rock 04.prefab
  artifactKey: Guid(a88dc8ae61f6ce64caf2f299b2b1fc37) Importer(815301076,1909f56bfc062723c751e8b465ee728b)
Start importing Assets/Low Poly Forest Set/Prefabs/Rock 04.prefab using Guid(a88dc8ae61f6ce64caf2f299b2b1fc37) Importer(815301076,1909f56bfc062723c751e8b465ee728b)  -> (artifact id: '1095bad8262fc9539e1d286ea363f9f4') in 0.259782 seconds 
========================================================================
Received Import Request.
  Time since last request: 0.000067 seconds.
  path: Assets/ExampleAssets/Models/magneticlevel_low.fbx
  artifactKey: Guid(bae110eee250e4b418b188f4ae4e3170) Importer(815301076,1909f56bfc062723c751e8b465ee728b)
Start importing Assets/ExampleAssets/Models/magneticlevel_low.fbx using Guid(bae110eee250e4b418b188f4ae4e3170) Importer(815301076,1909f56bfc062723c751e8b465ee728b)  -> (artifact id: 'aecbe07f3de77191c3367f5e5e766f40') in 0.194403 seconds 
========================================================================
Received Import Request.
  Time since last request: 0.000035 seconds.
  path: Assets/MedievalTownExteriors/Prefabs/Mushroom_a.prefab
  artifactKey: Guid(161bd54067fc8bc48992806fb7c4fe3b) Importer(815301076,1909f56bfc062723c751e8b465ee728b)
Start importing Assets/MedievalTownExteriors/Prefabs/Mushroom_a.prefab using Guid(161bd54067fc8bc48992806fb7c4fe3b) Importer(815301076,1909f56bfc062723c751e8b465ee728b)  -> (artifact id: '7c9098a170680723d9e66ec3d0eacc18') in 0.106195 seconds 
========================================================================
Received Import Request.
  Time since last request: 0.000066 seconds.
  path: Assets/StixGames/GrassShader/Example/Example/DisplacementCamera.prefab
  artifactKey: Guid(ed30b115c5fa5a14b82bd3323f750926) Importer(815301076,1909f56bfc062723c751e8b465ee728b)
Start importing Assets/StixGames/GrassShader/Example/Example/DisplacementCamera.prefab using Guid(ed30b115c5fa5a14b82bd3323f750926) Importer(815301076,1909f56bfc062723c751e8b465ee728b)  -> (artifact id: '87d6ed43ba387a8ee639dd84dcae53fd') in 0.072204 seconds 
========================================================================
Received Import Request.
  Time since last request: 0.000043 seconds.
  path: Assets/Low Poly Forest Set/Prefabs/Grass 01.prefab
  artifactKey: Guid(649bfe936acf98141b2fe4401b08b0e9) Importer(815301076,1909f56bfc062723c751e8b465ee728b)
Start importing Assets/Low Poly Forest Set/Prefabs/Grass 01.prefab using Guid(649bfe936acf98141b2fe4401b08b0e9) Importer(815301076,1909f56bfc062723c751e8b465ee728b)  -> (artifact id: '27ef6b6b91bcca83435c5c3a5dd282e6') in 0.356245 seconds 
========================================================================
Received Import Request.
  Time since last request: 0.000027 seconds.
  path: Assets/NEXTLOG_CreaturePack_Part01/Creatures_Slime/Effects/Prefabs/FX_Slime_Seed_Cyan_001.prefab
  artifactKey: Guid(24b8748df83272c4b8066c50a57abc91) Importer(815301076,1909f56bfc062723c751e8b465ee728b)
Start importing Assets/NEXTLOG_CreaturePack_Part01/Creatures_Slime/Effects/Prefabs/FX_Slime_Seed_Cyan_001.prefab using Guid(24b8748df83272c4b8066c50a57abc91) Importer(815301076,1909f56bfc062723c751e8b465ee728b)  -> (artifact id: '133b166584dd5222040cc7fff07f6c11') in 0.023079 seconds 
========================================================================
Received Import Request.
  Time since last request: 0.000039 seconds.
  path: Assets/NEXTLOG_CreaturePack_Part01/Creatures_Slime/Effects/Prefabs/FX_Slime_Seed_Rnbw_001.prefab
  artifactKey: Guid(7bacb3cf4f1f45e478944b808302d52a) Importer(815301076,1909f56bfc062723c751e8b465ee728b)
Start importing Assets/NEXTLOG_CreaturePack_Part01/Creatures_Slime/Effects/Prefabs/FX_Slime_Seed_Rnbw_001.prefab using Guid(7bacb3cf4f1f45e478944b808302d52a) Importer(815301076,1909f56bfc062723c751e8b465ee728b)  -> (artifact id: '90ea4612d3da6ce66ddf85705631faa8') in 0.020560 seconds 
========================================================================
Received Import Request.
  Time since last request: 0.000026 seconds.
  path: Assets/Low Poly Forest Set/FBX/Rock 03.FBX
  artifactKey: Guid(ee83d9d451a3ba147ad96bdbb6f1eefd) Importer(815301076,1909f56bfc062723c751e8b465ee728b)
Start importing Assets/Low Poly Forest Set/FBX/Rock 03.FBX using Guid(ee83d9d451a3ba147ad96bdbb6f1eefd) Importer(815301076,1909f56bfc062723c751e8b465ee728b)  -> (artifact id: '2c0f980ed8eb5c7304c7ab61d316b944') in 0.101966 seconds 
========================================================================
Received Import Request.
  Time since last request: 0.000030 seconds.
  path: Assets/ControllerPrompts/Example-Prefabs/Home-Button(xbox) .prefab
  artifactKey: Guid(9893755539f3a844890fde59adaab2ad) Importer(815301076,1909f56bfc062723c751e8b465ee728b)
Start importing Assets/ControllerPrompts/Example-Prefabs/Home-Button(xbox) .prefab using Guid(9893755539f3a844890fde59adaab2ad) Importer(815301076,1909f56bfc062723c751e8b465ee728b)  -> (artifact id: '8e2da56dc2497931c3d2a7470f4cacb9') in 0.013207 seconds 
========================================================================
Received Import Request.
  Time since last request: 0.000026 seconds.
  path: Assets/NEXTLOG_CreaturePack_Part01/Creatures_Slime/Animations/Creatures_Slime_Stun_001.FBX
  artifactKey: Guid(0a620897b4eca8243b5454d97f011ebc) Importer(815301076,1909f56bfc062723c751e8b465ee728b)
Start importing Assets/NEXTLOG_CreaturePack_Part01/Creatures_Slime/Animations/Creatures_Slime_Stun_001.FBX using Guid(0a620897b4eca8243b5454d97f011ebc) Importer(815301076,1909f56bfc062723c751e8b465ee728b)  -> (artifact id: 'd66c601e2e02ba3a1bf9a36e991c2d59') in 0.015209 seconds 
========================================================================
Received Import Request.
  Time since last request: 0.000040 seconds.
  path: Assets/MedievalTownExteriors/Meshes/Food_a.fbx
  artifactKey: Guid(245fa55e56bbbeb4ca253c3f7a3dcfea) Importer(815301076,1909f56bfc062723c751e8b465ee728b)
Start importing Assets/MedievalTownExteriors/Meshes/Food_a.fbx using Guid(245fa55e56bbbeb4ca253c3f7a3dcfea) Importer(815301076,1909f56bfc062723c751e8b465ee728b)  -> (artifact id: 'b10e0041b0d276e8dc1b3e5907e3c46e') in 0.085862 seconds 
========================================================================
Received Import Request.
  Time since last request: 0.000037 seconds.
  path: Assets/NEXTLOG_CreaturePack_Part01/Creatures_Slime/Effects/Prefabs/FX_Slime_Attack_Gren_001.prefab
  artifactKey: Guid(7ca118051ab577c4d96fabfed0450a0d) Importer(815301076,1909f56bfc062723c751e8b465ee728b)
Start importing Assets/NEXTLOG_CreaturePack_Part01/Creatures_Slime/Effects/Prefabs/FX_Slime_Attack_Gren_001.prefab using Guid(7ca118051ab577c4d96fabfed0450a0d) Importer(815301076,1909f56bfc062723c751e8b465ee728b)  -> (artifact id: '179cf1c1987cebd1c902f96f2018c849') in 0.023756 seconds 
========================================================================
Received Import Request.
  Time since last request: 0.000052 seconds.
  path: Assets/Low Poly Forest Set/Prefabs/Mushroom 03.prefab
  artifactKey: Guid(a1df958e8198f424ab902f32ed7e32a8) Importer(815301076,1909f56bfc062723c751e8b465ee728b)
Start importing Assets/Low Poly Forest Set/Prefabs/Mushroom 03.prefab using Guid(a1df958e8198f424ab902f32ed7e32a8) Importer(815301076,1909f56bfc062723c751e8b465ee728b)  -> (artifact id: '50938d7c0419a29ef2995e8f25373434') in 0.614054 seconds 
========================================================================
Received Import Request.
  Time since last request: 0.000040 seconds.
  path: Assets/Low Poly Forest Set/FBX/Rock 05.FBX
  artifactKey: Guid(1a8289b8cf4454e46a096ca2ce33dad6) Importer(815301076,1909f56bfc062723c751e8b465ee728b)
Start importing Assets/Low Poly Forest Set/FBX/Rock 05.FBX using Guid(1a8289b8cf4454e46a096ca2ce33dad6) Importer(815301076,1909f56bfc062723c751e8b465ee728b)  -> (artifact id: 'a1b841b9f46bb52b1877e00b8a4a4ee9') in 0.033129 seconds 
========================================================================
Received Import Request.
  Time since last request: 0.000041 seconds.
  path: Assets/MedievalTownExteriors/Prefabs/Rock_a.prefab
  artifactKey: Guid(6dae62de16c1a7948957ecb3f97cb911) Importer(815301076,1909f56bfc062723c751e8b465ee728b)
Start importing Assets/MedievalTownExteriors/Prefabs/Rock_a.prefab using Guid(6dae62de16c1a7948957ecb3f97cb911) Importer(815301076,1909f56bfc062723c751e8b465ee728b)  -> (artifact id: 'c2babd58e899b6ffaba009e5c04d2fcf') in 0.170620 seconds 
========================================================================
Received Import Request.
  Time since last request: 0.000048 seconds.
  path: Assets/MedievalTownExteriors/Meshes/Rock_b.fbx
  artifactKey: Guid(94fa1b5fc6fd88643a012111e885089b) Importer(815301076,1909f56bfc062723c751e8b465ee728b)
Start importing Assets/MedievalTownExteriors/Meshes/Rock_b.fbx using Guid(94fa1b5fc6fd88643a012111e885089b) Importer(815301076,1909f56bfc062723c751e8b465ee728b)  -> (artifact id: 'b96389606e8085ce449f784a7700ed94') in 0.112963 seconds 
========================================================================
Received Import Request.
  Time since last request: 0.000031 seconds.
  path: Assets/MedievalTownExteriors/Prefabs/Rock_e.prefab
  artifactKey: Guid(1d5cfa24a2d63824f8635403a99c423c) Importer(815301076,1909f56bfc062723c751e8b465ee728b)
Start importing Assets/MedievalTownExteriors/Prefabs/Rock_e.prefab using Guid(1d5cfa24a2d63824f8635403a99c423c) Importer(815301076,1909f56bfc062723c751e8b465ee728b)  -> (artifact id: '8d27ceb6a56e18c3196d84c736860360') in 0.209986 seconds 
========================================================================
Received Import Request.
  Time since last request: 0.000045 seconds.
  path: Assets/MedievalTownExteriors/Meshes/Rock_c.fbx
  artifactKey: Guid(6895cd5a90d0c1c4983bdb52ea740b32) Importer(815301076,1909f56bfc062723c751e8b465ee728b)
Start importing Assets/MedievalTownExteriors/Meshes/Rock_c.fbx using Guid(6895cd5a90d0c1c4983bdb52ea740b32) Importer(815301076,1909f56bfc062723c751e8b465ee728b)  -> (artifact id: '29b0b8f96af4751a8e753ecaec5fd5eb') in 0.163827 seconds 
========================================================================
Received Import Request.
  Time since last request: 0.000130 seconds.
  path: Assets/NEXTLOG_CreaturePack_Part01/Creatures_Slime/Effects/Prefabs/FX_Slime_Seed_Ylow_001.prefab
  artifactKey: Guid(1ee6f9950e1f89340b6957c138d5cd75) Importer(815301076,1909f56bfc062723c751e8b465ee728b)
Start importing Assets/NEXTLOG_CreaturePack_Part01/Creatures_Slime/Effects/Prefabs/FX_Slime_Seed_Ylow_001.prefab using Guid(1ee6f9950e1f89340b6957c138d5cd75) Importer(815301076,1909f56bfc062723c751e8b465ee728b)  -> (artifact id: 'e978dd0642014e3537f64606e31e0b66') in 0.045269 seconds 
========================================================================
Received Import Request.
  Time since last request: 0.000035 seconds.
  path: Assets/StixGames/GrassShader/Example/GameScene/Models/ExplosionRing.fbx
  artifactKey: Guid(6f3750d6ec02cf44dbe8100e42cd7335) Importer(815301076,1909f56bfc062723c751e8b465ee728b)
Start importing Assets/StixGames/GrassShader/Example/GameScene/Models/ExplosionRing.fbx using Guid(6f3750d6ec02cf44dbe8100e42cd7335) Importer(815301076,1909f56bfc062723c751e8b465ee728b)  -> (artifact id: '2b1e6557edacd9d56b8ceff5b1a70c35') in 0.037220 seconds 
========================================================================
Received Import Request.
  Time since last request: 0.000045 seconds.
  path: Assets/Low Poly Forest Set/FBX/Rock 04.FBX
  artifactKey: Guid(353ffb53558f282428d5fff4987c4546) Importer(815301076,1909f56bfc062723c751e8b465ee728b)
Start importing Assets/Low Poly Forest Set/FBX/Rock 04.FBX using Guid(353ffb53558f282428d5fff4987c4546) Importer(815301076,1909f56bfc062723c751e8b465ee728b)  -> (artifact id: 'f4f56ad25bc98c674cc700af181831c0') in 0.041066 seconds 
========================================================================
Received Import Request.
  Time since last request: 0.000092 seconds.
  path: Assets/MedievalTownExteriors/Meshes/Grass.fbx
  artifactKey: Guid(cf0178bacd6676f42997d136dced35a2) Importer(815301076,1909f56bfc062723c751e8b465ee728b)
Start importing Assets/MedievalTownExteriors/Meshes/Grass.fbx using Guid(cf0178bacd6676f42997d136dced35a2) Importer(815301076,1909f56bfc062723c751e8b465ee728b)  -> (artifact id: 'f4f6c169fe212d8268b992d2517ac887') in 0.117258 seconds 
========================================================================
Received Import Request.
  Time since last request: 0.000034 seconds.
  path: Assets/ExampleAssets/Models/hammer_low.fbx
  artifactKey: Guid(68a66fb5a71f8204a8dcb613c97d1fa8) Importer(815301076,1909f56bfc062723c751e8b465ee728b)
Start importing Assets/ExampleAssets/Models/hammer_low.fbx using Guid(68a66fb5a71f8204a8dcb613c97d1fa8) Importer(815301076,1909f56bfc062723c751e8b465ee728b)  -> (artifact id: 'b18a0e7d96caa555db131bd7757094c0') in 0.040426 seconds 
========================================================================
Received Import Request.
  Time since last request: 0.000090 seconds.
  path: Assets/Low Poly Forest Set/FBX/Rock 06.FBX
  artifactKey: Guid(a717a8adc4f511a4382daaeccb010e55) Importer(815301076,1909f56bfc062723c751e8b465ee728b)
Start importing Assets/Low Poly Forest Set/FBX/Rock 06.FBX using Guid(a717a8adc4f511a4382daaeccb010e55) Importer(815301076,1909f56bfc062723c751e8b465ee728b)  -> (artifact id: '3347ea5b166e7a7a75c7110438a0a7af') in 0.057324 seconds 
========================================================================
Received Import Request.
  Time since last request: 0.000044 seconds.
  path: Assets/MedievalTownExteriors/Prefabs/Rock_c.prefab
  artifactKey: Guid(6cec304f27f918d44b808e7706ea004d) Importer(815301076,1909f56bfc062723c751e8b465ee728b)
Start importing Assets/MedievalTownExteriors/Prefabs/Rock_c.prefab using Guid(6cec304f27f918d44b808e7706ea004d) Importer(815301076,1909f56bfc062723c751e8b465ee728b)  -> (artifact id: '072b53591586560852a9facb8773996c') in 0.060727 seconds 
========================================================================
Received Import Request.
  Time since last request: 0.000024 seconds.
  path: Assets/MedievalTownExteriors/Prefabs/Grass.prefab
  artifactKey: Guid(471c1eb32c770a54ea8a1c3ffbda1de6) Importer(815301076,1909f56bfc062723c751e8b465ee728b)
Start importing Assets/MedievalTownExteriors/Prefabs/Grass.prefab using Guid(471c1eb32c770a54ea8a1c3ffbda1de6) Importer(815301076,1909f56bfc062723c751e8b465ee728b)  -> (artifact id: 'a7a9041eb7dae9c58709fe240ce4f4a7') in 0.097148 seconds 
========================================================================
Received Import Request.
  Time since last request: 0.000038 seconds.
  path: Assets/MedievalTownExteriors/Prefabs/Fence_a.prefab
  artifactKey: Guid(950c0a0cf14577549b026c95956a3c99) Importer(815301076,1909f56bfc062723c751e8b465ee728b)
Start importing Assets/MedievalTownExteriors/Prefabs/Fence_a.prefab using Guid(950c0a0cf14577549b026c95956a3c99) Importer(815301076,1909f56bfc062723c751e8b465ee728b)  -> (artifact id: 'b0a336787c0adcc567d2ca0e6cf5a3ef') in 0.181577 seconds 
========================================================================
Received Import Request.
  Time since last request: 0.000054 seconds.
  path: Assets/MedievalTownExteriors/Meshes/Lantern_post.fbx
  artifactKey: Guid(5b894a4a2d42fea44aafd6561bb64e76) Importer(815301076,1909f56bfc062723c751e8b465ee728b)
Start importing Assets/MedievalTownExteriors/Meshes/Lantern_post.fbx using Guid(5b894a4a2d42fea44aafd6561bb64e76) Importer(815301076,1909f56bfc062723c751e8b465ee728b)  -> (artifact id: 'e9057b0ebf0571845e7682d97e19265a') in 0.076055 seconds 
========================================================================
Received Import Request.
  Time since last request: 0.000044 seconds.
  path: Assets/ExampleAssets/Models/paintbucket_low.fbx
  artifactKey: Guid(b451a052397f03c4f8a04d915d1c0492) Importer(815301076,1909f56bfc062723c751e8b465ee728b)
Start importing Assets/ExampleAssets/Models/paintbucket_low.fbx using Guid(b451a052397f03c4f8a04d915d1c0492) Importer(815301076,1909f56bfc062723c751e8b465ee728b)  -> (artifact id: '1f63742ce8c94e935c321dbb448eb734') in 0.108044 seconds 
========================================================================
Received Import Request.
  Time since last request: 0.000056 seconds.
  path: Assets/Low Poly Forest Set/Prefabs/Rock 03.prefab
  artifactKey: Guid(6d72748f35eef5d459ade2318e261731) Importer(815301076,1909f56bfc062723c751e8b465ee728b)
Start importing Assets/Low Poly Forest Set/Prefabs/Rock 03.prefab using Guid(6d72748f35eef5d459ade2318e261731) Importer(815301076,1909f56bfc062723c751e8b465ee728b)  -> (artifact id: '91c468b044cfe6f5d3f4881833719b5f') in 3.834659 seconds 
Editor requested this worker to shutdown with reason: Scaling down because of idle timeout
AssetImportWorker is now disconnected from the server
Process exiting
Exiting without the bug reporter. Application will terminate with return code 0