Using pre-set license
Built from '2021.3/staging' branch; Version is '2021.3.1f1 (3b70a0754835) revision 3895456'; Using compiler version '192829333'; Build Type 'Release'
OS: 'Windows 10  (10.0.19044) 64bit CoreSingleLanguage' Language: 'es' Physical Memory: 7999 MB
BatchMode: 1, IsHumanControllingUs: 0, StartBugReporterOnCrash: 0, Is64bit: 1, IsPro: 1

COMMAND LINE ARGUMENTS:
C:\Program Files\Unity\Hub\Editor\2021.3.1f1\Editor\Unity.exe
-adb2
-batchMode
-noUpm
-name
AssetImportWorker18
-projectPath
C:/Users/eliza/Desktop/rpg-system-ulsan2022-3P
-logFile
Logs/AssetImportWorker18.log
-srvPort
53997
Successfully changed project path to: C:/Users/eliza/Desktop/rpg-system-ulsan2022-3P
C:/Users/eliza/Desktop/rpg-system-ulsan2022-3P
[UnityMemory] Configuration Parameters - Can be set up in boot.config
    "memorysetup-bucket-allocator-granularity=16"
    "memorysetup-bucket-allocator-bucket-count=8"
    "memorysetup-bucket-allocator-block-size=33554432"
    "memorysetup-bucket-allocator-block-count=8"
    "memorysetup-main-allocator-block-size=16777216"
    "memorysetup-thread-allocator-block-size=16777216"
    "memorysetup-gfx-main-allocator-block-size=16777216"
    "memorysetup-gfx-thread-allocator-block-size=16777216"
    "memorysetup-cache-allocator-block-size=4194304"
    "memorysetup-typetree-allocator-block-size=2097152"
    "memorysetup-profiler-bucket-allocator-granularity=16"
    "memorysetup-profiler-bucket-allocator-bucket-count=8"
    "memorysetup-profiler-bucket-allocator-block-size=33554432"
    "memorysetup-profiler-bucket-allocator-block-count=8"
    "memorysetup-profiler-allocator-block-size=16777216"
    "memorysetup-profiler-editor-allocator-block-size=1048576"
    "memorysetup-temp-allocator-size-main=16777216"
    "memorysetup-job-temp-allocator-block-size=2097152"
    "memorysetup-job-temp-allocator-block-size-background=1048576"
    "memorysetup-job-temp-allocator-reduction-small-platforms=262144"
    "memorysetup-temp-allocator-size-background-worker=32768"
    "memorysetup-temp-allocator-size-job-worker=262144"
    "memorysetup-temp-allocator-size-preload-manager=33554432"
    "memorysetup-temp-allocator-size-nav-mesh-worker=65536"
    "memorysetup-temp-allocator-size-audio-worker=65536"
    "memorysetup-temp-allocator-size-cloud-worker=32768"
    "memorysetup-temp-allocator-size-gi-baking-worker=262144"
    "memorysetup-temp-allocator-size-gfx=262144"
Refreshing native plugins compatible for Editor in 73.48 ms, found 2 plugins.
Preloading 0 native plugins for Editor in 0.00 ms.
Initialize engine version: 2021.3.1f1 (3b70a0754835)
[Subsystems] Discovering subsystems at path C:/Program Files/Unity/Hub/Editor/2021.3.1f1/Editor/Data/Resources/UnitySubsystems
[Subsystems] Discovering subsystems at path C:/Users/eliza/Desktop/rpg-system-ulsan2022-3P/Assets
GfxDevice: creating device client; threaded=0; jobified=0
Direct3D:
    Version:  Direct3D 11.0 [level 11.1]
    Renderer: NVIDIA GeForce GTX 1050 (ID=0x1c8d)
    Vendor:   NVIDIA
    VRAM:     4019 MB
    Driver:   30.0.15.1179
Initialize mono
Mono path[0] = 'C:/Program Files/Unity/Hub/Editor/2021.3.1f1/Editor/Data/Managed'
Mono path[1] = 'C:/Program Files/Unity/Hub/Editor/2021.3.1f1/Editor/Data/MonoBleedingEdge/lib/mono/unityjit-win32'
Mono config path = 'C:/Program Files/Unity/Hub/Editor/2021.3.1f1/Editor/Data/MonoBleedingEdge/etc'
Using monoOptions --debugger-agent=transport=dt_socket,embedding=1,server=y,suspend=n,address=127.0.0.1:56320
Begin MonoManager ReloadAssembly
Registering precompiled unity dll's ...
Register platform support module: C:/Program Files/Unity/Hub/Editor/2021.3.1f1/Editor/Data/PlaybackEngines/WindowsStandaloneSupport/UnityEditor.WindowsStandalone.Extensions.dll
Registered in 0.012647 seconds.
Native extension for WindowsStandalone target not found
Refreshing native plugins compatible for Editor in 69.83 ms, found 2 plugins.
Preloading 0 native plugins for Editor in 0.00 ms.
Mono: successfully reloaded assembly
- Completed reload, in  0.696 seconds
Domain Reload Profiling:
	ReloadAssembly (696ms)
		BeginReloadAssembly (99ms)
			ExecutionOrderSort (0ms)
			DisableScriptedObjects (0ms)
			BackupInstance (0ms)
			ReleaseScriptingObjects (0ms)
			CreateAndSetChildDomain (1ms)
		EndReloadAssembly (465ms)
			LoadAssemblies (94ms)
			RebuildTransferFunctionScriptingTraits (0ms)
			SetupTypeCache (121ms)
			ReleaseScriptCaches (0ms)
			RebuildScriptCaches (28ms)
			SetupLoadedEditorAssemblies (251ms)
				LogAssemblyErrors (0ms)
				InitializePlatformSupportModulesInManaged (9ms)
				SetLoadedEditorAssemblies (0ms)
				RefreshPlugins (70ms)
				BeforeProcessingInitializeOnLoad (1ms)
				ProcessInitializeOnLoadAttributes (123ms)
				ProcessInitializeOnLoadMethodAttributes (48ms)
				AfterProcessingInitializeOnLoad (0ms)
				EditorAssembliesLoaded (0ms)
			ExecutionOrderSort2 (0ms)
			AwakeInstancesAfterBackupRestoration (0ms)
Platform modules already initialized, skipping
Registering precompiled user dll's ...
Registered in 0.011281 seconds.
Begin MonoManager ReloadAssembly
Native extension for WindowsStandalone target not found
Refreshing native plugins compatible for Editor in 70.84 ms, found 2 plugins.
Preloading 0 native plugins for Editor in 0.00 ms.
Package Manager log level set to [2]
Mono: successfully reloaded assembly
- Completed reload, in  5.463 seconds
Domain Reload Profiling:
	ReloadAssembly (5464ms)
		BeginReloadAssembly (136ms)
			ExecutionOrderSort (0ms)
			DisableScriptedObjects (6ms)
			BackupInstance (0ms)
			ReleaseScriptingObjects (0ms)
			CreateAndSetChildDomain (22ms)
		EndReloadAssembly (3832ms)
			LoadAssemblies (2099ms)
			RebuildTransferFunctionScriptingTraits (0ms)
			SetupTypeCache (252ms)
			ReleaseScriptCaches (1ms)
			RebuildScriptCaches (84ms)
			SetupLoadedEditorAssemblies (1357ms)
				LogAssemblyErrors (0ms)
				InitializePlatformSupportModulesInManaged (13ms)
				SetLoadedEditorAssemblies (0ms)
				RefreshPlugins (71ms)
				BeforeProcessingInitializeOnLoad (116ms)
				ProcessInitializeOnLoadAttributes (969ms)
				ProcessInitializeOnLoadMethodAttributes (174ms)
				AfterProcessingInitializeOnLoad (14ms)
				EditorAssembliesLoaded (0ms)
			ExecutionOrderSort2 (0ms)
			AwakeInstancesAfterBackupRestoration (11ms)
Platform modules already initialized, skipping
========================================================================
Worker process is ready to serve import requests
Launched and connected shader compiler UnityShaderCompiler.exe after 0.37 seconds
Refreshing native plugins compatible for Editor in 1.04 ms, found 2 plugins.
Preloading 0 native plugins for Editor in 0.00 ms.
Unloading 4896 Unused Serialized files (Serialized files now loaded: 0)
Unloading 66 unused Assets / (1.9 MB). Loaded Objects now: 5366.
Memory consumption went from 218.1 MB to 216.3 MB.
Total: 5.357400 ms (FindLiveObjects: 0.488800 ms CreateObjectMapping: 0.418500 ms MarkObjects: 3.959100 ms  DeleteObjects: 0.489900 ms)

AssetImportParameters requested are different than current active one (requested -> active):
  custom:video-decoder-ogg-theora: a1e56fd34408186e4bbccfd4996cb3dc -> 
  custom:container-muxer-webm: aa71ff27fc2769a1b78a27578f13a17b -> 
  custom:container-demuxer-webm: 4f35f7cbe854078d1ac9338744f61a02 -> 
  custom:video-encoder-webm-vp8: eb34c28f22e8b96e1ab97ce403110664 -> 
  custom:video-codec-MediaFoundation-h265: 746d11721c4dcdbdad8f713fa42b33f4 -> 
  custom:audio-encoder-webm-vorbis: bf7c407c2cedff20999df2af8eb42d56 -> 
  custom:framework-win-MediaFoundation: 216162199b28c13a410421893ffa2e32 -> 
  custom:container-demuxer-ogg: 62fdf1f143b41e24485cea50d1cbac27 -> 
  custom:video-decoder-webm-vp8: 9c59270c3fd7afecdb556c50c9e8de78 -> 
  custom:audio-decoder-ogg-vorbis: bf7c407c2cedff20999df2af8eb42d56 -> 
========================================================================
Received Import Request.
  Time since last request: 60930.159018 seconds.
  path: Assets/StixGames/GrassShader/Example/AlpineScene/Textures/GrassUnprocessed/RandomPlants/RandomPlant01.png
  artifactKey: Guid(abee6d3acf6ff644a9a78793eaeab731) Importer(815301076,1909f56bfc062723c751e8b465ee728b)
Start importing Assets/StixGames/GrassShader/Example/AlpineScene/Textures/GrassUnprocessed/RandomPlants/RandomPlant01.png using Guid(abee6d3acf6ff644a9a78793eaeab731) Importer(815301076,1909f56bfc062723c751e8b465ee728b)  -> (artifact id: 'a9633aa69d3f232c8345ce1c5a03f355') in 0.265904 seconds 
========================================================================
Received Import Request.
  Time since last request: 0.000020 seconds.
  path: Assets/StixGames/GrassShader/Example/AlpineScene/Textures/GrassUnprocessed/RandomPlants/RandomPlant10.png
  artifactKey: Guid(fc777610ab70a4644945d8cf246a8224) Importer(815301076,1909f56bfc062723c751e8b465ee728b)
Start importing Assets/StixGames/GrassShader/Example/AlpineScene/Textures/GrassUnprocessed/RandomPlants/RandomPlant10.png using Guid(fc777610ab70a4644945d8cf246a8224) Importer(815301076,1909f56bfc062723c751e8b465ee728b)  -> (artifact id: '19afe4a3f4691a6ace2746f9b8a71358') in 0.131429 seconds 
========================================================================
Received Import Request.
  Time since last request: 0.000037 seconds.
  path: Assets/StixGames/GrassShader/Example/AlpineScene/Textures/GrassUnprocessed/RandomPlants/RandomPlant08.png
  artifactKey: Guid(971d69184aed7f24491880cd0b9f9109) Importer(815301076,1909f56bfc062723c751e8b465ee728b)
Start importing Assets/StixGames/GrassShader/Example/AlpineScene/Textures/GrassUnprocessed/RandomPlants/RandomPlant08.png using Guid(971d69184aed7f24491880cd0b9f9109) Importer(815301076,1909f56bfc062723c751e8b465ee728b)  -> (artifact id: '465172548926483fc2e7832d68cb8b51') in 0.102155 seconds 
========================================================================
Received Import Request.
  Time since last request: 0.000042 seconds.
  path: Assets/StixGames/GrassShader/Example/AlpineScene/Textures/GrassUnprocessed/RandomPlants/RandomPlant11.png
  artifactKey: Guid(29a35cd015e324440a5b991920722756) Importer(815301076,1909f56bfc062723c751e8b465ee728b)
Start importing Assets/StixGames/GrassShader/Example/AlpineScene/Textures/GrassUnprocessed/RandomPlants/RandomPlant11.png using Guid(29a35cd015e324440a5b991920722756) Importer(815301076,1909f56bfc062723c751e8b465ee728b)  -> (artifact id: 'f66bdd6982ce302fc289d93edbdb473e') in 0.148748 seconds 
========================================================================
Received Import Request.
  Time since last request: 0.000081 seconds.
  path: Assets/StixGames/GrassShader/Example/AlpineScene/Textures/GrassUnprocessed/RandomPlants/RandomPlant20.png
  artifactKey: Guid(dd5d0db7d8703084e96dd922fadfa452) Importer(815301076,1909f56bfc062723c751e8b465ee728b)
Start importing Assets/StixGames/GrassShader/Example/AlpineScene/Textures/GrassUnprocessed/RandomPlants/RandomPlant20.png using Guid(dd5d0db7d8703084e96dd922fadfa452) Importer(815301076,1909f56bfc062723c751e8b465ee728b)  -> (artifact id: '56cfcb35a8ccc29a6db0b3f9a25a4b21') in 0.167755 seconds 
========================================================================
Received Import Request.
  Time since last request: 0.000031 seconds.
  path: Assets/StixGames/GrassShader/Example/AlpineScene/Textures/GrassUnprocessed/RandomPlants/RandomPlant07.png
  artifactKey: Guid(74333e430addbfe4a88331c6ce81423d) Importer(815301076,1909f56bfc062723c751e8b465ee728b)
Start importing Assets/StixGames/GrassShader/Example/AlpineScene/Textures/GrassUnprocessed/RandomPlants/RandomPlant07.png using Guid(74333e430addbfe4a88331c6ce81423d) Importer(815301076,1909f56bfc062723c751e8b465ee728b)  -> (artifact id: '4c2230263dfe739253f163b270c10b48') in 0.276917 seconds 
========================================================================
Received Import Request.
  Time since last request: 0.000042 seconds.
  path: Assets/StixGames/GrassShader/Example/AlpineScene/Textures/Ruins/road_normal.png
  artifactKey: Guid(28cf9cf453df0044688af368604f3374) Importer(815301076,1909f56bfc062723c751e8b465ee728b)
Start importing Assets/StixGames/GrassShader/Example/AlpineScene/Textures/Ruins/road_normal.png using Guid(28cf9cf453df0044688af368604f3374) Importer(815301076,1909f56bfc062723c751e8b465ee728b)  -> (artifact id: 'efa9081f3dfb1593a04dcc29ebe06232') in 0.216677 seconds 
========================================================================
Received Import Request.
  Time since last request: 0.000065 seconds.
  path: Assets/StixGames/GrassShader/Example/AlpineScene/Textures/GrassUnprocessed/RandomPlants/RandomPlant03.png
  artifactKey: Guid(539989a1132900f4fae23c661dab1a55) Importer(815301076,1909f56bfc062723c751e8b465ee728b)
Start importing Assets/StixGames/GrassShader/Example/AlpineScene/Textures/GrassUnprocessed/RandomPlants/RandomPlant03.png using Guid(539989a1132900f4fae23c661dab1a55) Importer(815301076,1909f56bfc062723c751e8b465ee728b)  -> (artifact id: 'e8011129ad309228f77c4ea31a2cc1a7') in 0.136252 seconds 
========================================================================
Received Import Request.
  Time since last request: 0.000031 seconds.
  path: Assets/StixGames/GrassShader/Example/AlpineScene/Textures/GrassUnprocessed/RandomPlants/RandomPlant13.png
  artifactKey: Guid(7cf32c604536a3c4d9334afd89c4d9d6) Importer(815301076,1909f56bfc062723c751e8b465ee728b)
Start importing Assets/StixGames/GrassShader/Example/AlpineScene/Textures/GrassUnprocessed/RandomPlants/RandomPlant13.png using Guid(7cf32c604536a3c4d9334afd89c4d9d6) Importer(815301076,1909f56bfc062723c751e8b465ee728b)  -> (artifact id: 'af308e6d9c47d314cdc27e661fe01b71') in 0.210357 seconds 
========================================================================
Received Import Request.
  Time since last request: 0.000026 seconds.
  path: Assets/StixGames/GrassShader/Example/AlpineScene/Textures/Ruins/small_house2_basecolor.png
  artifactKey: Guid(88cfc2fbbca7f4149b88e3cf2fdb6a2e) Importer(815301076,1909f56bfc062723c751e8b465ee728b)
Start importing Assets/StixGames/GrassShader/Example/AlpineScene/Textures/Ruins/small_house2_basecolor.png using Guid(88cfc2fbbca7f4149b88e3cf2fdb6a2e) Importer(815301076,1909f56bfc062723c751e8b465ee728b)  -> (artifact id: '0e2e61df109f2c18cf710c0e402468ad') in 0.054872 seconds 
========================================================================
Received Import Request.
  Time since last request: 0.000053 seconds.
  path: Assets/StixGames/GrassShader/Example/AlpineScene/Textures/GrassUnprocessed/RandomPlants/RandomPlant06.png
  artifactKey: Guid(645c01e2b079b1b49868618a4cc71c1e) Importer(815301076,1909f56bfc062723c751e8b465ee728b)
Start importing Assets/StixGames/GrassShader/Example/AlpineScene/Textures/GrassUnprocessed/RandomPlants/RandomPlant06.png using Guid(645c01e2b079b1b49868618a4cc71c1e) Importer(815301076,1909f56bfc062723c751e8b465ee728b)  -> (artifact id: '4c683f683816162dec8f3df836ee2215') in 0.081927 seconds 
========================================================================
Received Import Request.
  Time since last request: 0.000043 seconds.
  path: Assets/StixGames/GrassShader/Example/AlpineScene/Textures/Ruins/road_basecolor.png
  artifactKey: Guid(1749d985d8c438f4bb3baef1755815ce) Importer(815301076,1909f56bfc062723c751e8b465ee728b)
Start importing Assets/StixGames/GrassShader/Example/AlpineScene/Textures/Ruins/road_basecolor.png using Guid(1749d985d8c438f4bb3baef1755815ce) Importer(815301076,1909f56bfc062723c751e8b465ee728b)  -> (artifact id: '6aaf92a168ab8526349b3b6d7f86664b') in 0.022559 seconds 
========================================================================
Received Import Request.
  Time since last request: 0.000223 seconds.
  path: Assets/StixGames/GrassShader/Example/AlpineScene/Textures/Terrain/rock_normal.png
  artifactKey: Guid(fc1916651d45ae34891b2f4049ccfb8d) Importer(815301076,1909f56bfc062723c751e8b465ee728b)
Start importing Assets/StixGames/GrassShader/Example/AlpineScene/Textures/Terrain/rock_normal.png using Guid(fc1916651d45ae34891b2f4049ccfb8d) Importer(815301076,1909f56bfc062723c751e8b465ee728b)  -> (artifact id: '1975bf1a24b06809eb11d60679e94511') in 0.157698 seconds 
========================================================================
Received Import Request.
  Time since last request: 0.000050 seconds.
  path: Assets/StixGames/GrassShader/Example/GameScene/Textures/Trees_metallic_smoothness.png
  artifactKey: Guid(75f53578c955f7b4991c70c1529dc3d7) Importer(815301076,1909f56bfc062723c751e8b465ee728b)
Start importing Assets/StixGames/GrassShader/Example/GameScene/Textures/Trees_metallic_smoothness.png using Guid(75f53578c955f7b4991c70c1529dc3d7) Importer(815301076,1909f56bfc062723c751e8b465ee728b)  -> (artifact id: 'dcba26ccd252a8dbc5f58113a8d25011') in 0.024050 seconds 
========================================================================
Received Import Request.
  Time since last request: 0.000083 seconds.
  path: Assets/StixGames/GrassShader/Example/AlpineScene/Textures/Ruins/small_house3_normal.png
  artifactKey: Guid(c626cb35be4ac834dadfc9162b702dc7) Importer(815301076,1909f56bfc062723c751e8b465ee728b)
Start importing Assets/StixGames/GrassShader/Example/AlpineScene/Textures/Ruins/small_house3_normal.png using Guid(c626cb35be4ac834dadfc9162b702dc7) Importer(815301076,1909f56bfc062723c751e8b465ee728b)  -> (artifact id: '785bd92b575bc07c76ba497b89018363') in 0.024875 seconds 
========================================================================
Received Import Request.
  Time since last request: 0.000041 seconds.
  path: Assets/StixGames/GrassShader/Example/AlpineScene/Textures/Terrain/snow_albedo_smoothness.png
  artifactKey: Guid(b16ab8a400eb32b43ab3b90c2bca56a6) Importer(815301076,1909f56bfc062723c751e8b465ee728b)
Start importing Assets/StixGames/GrassShader/Example/AlpineScene/Textures/Terrain/snow_albedo_smoothness.png using Guid(b16ab8a400eb32b43ab3b90c2bca56a6) Importer(815301076,1909f56bfc062723c751e8b465ee728b)  -> (artifact id: 'a21c642039589bbad1f0f3c9dd94e5c2') in 0.066538 seconds 
========================================================================
Received Import Request.
  Time since last request: 0.000030 seconds.
  path: Assets/Tree_Textures/shadow.png
  artifactKey: Guid(65afb9741ee07ec41b8ab093e15e3118) Importer(815301076,1909f56bfc062723c751e8b465ee728b)
Start importing Assets/Tree_Textures/shadow.png using Guid(65afb9741ee07ec41b8ab093e15e3118) Importer(815301076,1909f56bfc062723c751e8b465ee728b)  -> (artifact id: '0422714ced7ea6a0578abc4660e9d53f') in 0.017688 seconds 
========================================================================
Received Import Request.
  Time since last request: 0.000051 seconds.
  path: Assets/StixGames/GrassShader/Example/AlpineScene/Textures/Ruins/small_house1_normal.png
  artifactKey: Guid(a4995ebe3ddba2e46bbe2d9c2504ce83) Importer(815301076,1909f56bfc062723c751e8b465ee728b)
Start importing Assets/StixGames/GrassShader/Example/AlpineScene/Textures/Ruins/small_house1_normal.png using Guid(a4995ebe3ddba2e46bbe2d9c2504ce83) Importer(815301076,1909f56bfc062723c751e8b465ee728b)  -> (artifact id: '4718e56e65ff49ed1a0c81c7c999c2db') in 0.062658 seconds 
========================================================================
Received Import Request.
  Time since last request: 0.000032 seconds.
  path: Assets/StixGames/GrassShader/Example/AlpineScene/Textures/GrassUnprocessed/RandomPlants/RandomPlant05.png
  artifactKey: Guid(efcb981a7cd6f894e9c99cab99be7a74) Importer(815301076,1909f56bfc062723c751e8b465ee728b)
Start importing Assets/StixGames/GrassShader/Example/AlpineScene/Textures/GrassUnprocessed/RandomPlants/RandomPlant05.png using Guid(efcb981a7cd6f894e9c99cab99be7a74) Importer(815301076,1909f56bfc062723c751e8b465ee728b)  -> (artifact id: 'a4609685f9106e5116537eb6416af2d1') in 0.057179 seconds 
========================================================================
Received Import Request.
  Time since last request: 0.000058 seconds.
  path: Assets/StixGames/GrassShader/Example/AlpineScene/Textures/GrassUnprocessed/RandomPlants/RandomPlant14.png
  artifactKey: Guid(9f938fea6a22e434a800435d1740e473) Importer(815301076,1909f56bfc062723c751e8b465ee728b)
Start importing Assets/StixGames/GrassShader/Example/AlpineScene/Textures/GrassUnprocessed/RandomPlants/RandomPlant14.png using Guid(9f938fea6a22e434a800435d1740e473) Importer(815301076,1909f56bfc062723c751e8b465ee728b)  -> (artifact id: '838501238a72e569323b22926d9d2953') in 0.119739 seconds 
========================================================================
Received Import Request.
  Time since last request: 0.000040 seconds.
  path: Assets/StixGames/GrassShader/Example/AlpineScene/Textures/Terrain/rock_albedo_smoothness.png
  artifactKey: Guid(eb255cbb4fd33964180b74fb3d9faf14) Importer(815301076,1909f56bfc062723c751e8b465ee728b)
Start importing Assets/StixGames/GrassShader/Example/AlpineScene/Textures/Terrain/rock_albedo_smoothness.png using Guid(eb255cbb4fd33964180b74fb3d9faf14) Importer(815301076,1909f56bfc062723c751e8b465ee728b)  -> (artifact id: '16794514077ff3312f8afe0ed2c40b54') in 0.158250 seconds 
========================================================================
Received Import Request.
  Time since last request: 0.000029 seconds.
  path: Assets/StixGames/GrassShader/Example/AlpineScene/Textures/Terrain/water_normal.png
  artifactKey: Guid(477a1f27b8bab1e48ae7a827e029b207) Importer(815301076,1909f56bfc062723c751e8b465ee728b)
Start importing Assets/StixGames/GrassShader/Example/AlpineScene/Textures/Terrain/water_normal.png using Guid(477a1f27b8bab1e48ae7a827e029b207) Importer(815301076,1909f56bfc062723c751e8b465ee728b)  -> (artifact id: 'f33c86cbdd0e3b9931020d0a05603d22') in 0.093756 seconds 
========================================================================
Received Import Request.
  Time since last request: 0.000032 seconds.
  path: Assets/SD_RPG_Heroes_Pack/textures/wizardgirl.tga
  artifactKey: Guid(5030b6bb898c60a4bb0850ce460fb154) Importer(815301076,1909f56bfc062723c751e8b465ee728b)
Start importing Assets/SD_RPG_Heroes_Pack/textures/wizardgirl.tga using Guid(5030b6bb898c60a4bb0850ce460fb154) Importer(815301076,1909f56bfc062723c751e8b465ee728b)  -> (artifact id: 'b148140702c17c109ecec17f5939b996') in 0.018167 seconds 
========================================================================
Received Import Request.
  Time since last request: 0.000029 seconds.
  path: Assets/StixGames/GrassShader/Example/AlpineScene/Textures/Grass/RandomPlants.png
  artifactKey: Guid(a95d028e67e751c429488f25ab96a44a) Importer(815301076,1909f56bfc062723c751e8b465ee728b)
Start importing Assets/StixGames/GrassShader/Example/AlpineScene/Textures/Grass/RandomPlants.png using Guid(a95d028e67e751c429488f25ab96a44a) Importer(815301076,1909f56bfc062723c751e8b465ee728b)  -> (artifact id: '69707f66caf5bb6eca7aff715cda7331') in 0.034239 seconds 
Editor requested this worker to shutdown with reason: Scaling down because of idle timeout
AssetImportWorker is now disconnected from the server
Process exiting
Exiting without the bug reporter. Application will terminate with return code 0